# JRE version: OpenJDK Runtime Environment 
# Java VM: OpenJDK 64-Bit Server VM (12.0.2+3, mixed mode, sharing, tiered, compressed oops, g1 gc, windows-amd64)
Heap:
 garbage-first heap   total 65536K, used 47036K [0x00000000c1a00000, 0x0000000100000000)
  region size 1024K, 38 young (38912K), 4 survivors (4096K)
 Metaspace       used 19771K, capacity 20522K, committed 20736K, reserved 1067008K
  class space    used 2266K, capacity 2556K, committed 2560K, reserved 1048576K
GC Heap History (10 events):
Event: 3.916 GC heap before
{Heap before GC invocations=1 (full 0):
 garbage-first heap   total 65536K, used 39161K [0x00000000c1a00000, 0x0000000100000000)
  region size 1024K, 38 young (38912K), 3 survivors (3072K)
 Metaspace       used 10513K, capacity 12580K, committed 12928K, reserved 1060864K
  class space    used 1306K, capacity 1559K, committed 1664K, reserved 1048576K
}
Event: 3.936 GC heap after
{Heap after GC invocations=2 (full 0):
 garbage-first heap   total 65536K, used 5447K [0x00000000c1a00000, 0x0000000100000000)
  region size 1024K, 3 young (3072K), 3 survivors (3072K)
 Metaspace       used 10513K, capacity 12580K, committed 12928K, reserved 1060864K
  class space    used 1306K, capacity 1559K, committed 1664K, reserved 1048576K
}
Event: 5.430 GC heap before
{Heap before GC invocations=2 (full 0):
 garbage-first heap   total 65536K, used 41287K [0x00000000c1a00000, 0x0000000100000000)
  region size 1024K, 38 young (38912K), 3 survivors (3072K)
 Metaspace       used 12652K, capacity 14433K, committed 14592K, reserved 1062912K
  class space    used 1489K, capacity 1729K, committed 1792K, reserved 1048576K
}
Event: 5.443 GC heap after
{Heap after GC invocations=3 (full 0):
 garbage-first heap   total 65536K, used 7697K [0x00000000c1a00000, 0x0000000100000000)
  region size 1024K, 5 young (5120K), 5 survivors (5120K)
 Metaspace       used 12652K, capacity 14433K, committed 14592K, reserved 1062912K
  class space    used 1489K, capacity 1729K, committed 1792K, reserved 1048576K
}
Event: 7.507 GC heap before
{Heap before GC invocations=3 (full 0):
 garbage-first heap   total 65536K, used 41489K [0x00000000c1a00000, 0x0000000100000000)
  region size 1024K, 38 young (38912K), 5 survivors (5120K)
 Metaspace       used 13103K, capacity 14818K, committed 15104K, reserved 1062912K
  class space    used 1494K, capacity 1729K, committed 1792K, reserved 1048576K
}
Event: 7.524 GC heap after
{Heap after GC invocations=4 (full 0):
 garbage-first heap   total 65536K, used 9737K [0x00000000c1a00000, 0x0000000100000000)
  region size 1024K, 5 young (5120K), 5 survivors (5120K)
 Metaspace       used 13103K, capacity 14818K, committed 15104K, reserved 1062912K
  class space    used 1494K, capacity 1729K, committed 1792K, reserved 1048576K
}
Event: 8.630 GC heap before
{Heap before GC invocations=4 (full 0):
 garbage-first heap   total 65536K, used 43529K [0x00000000c1a00000, 0x0000000100000000)
  region size 1024K, 38 young (38912K), 5 survivors (5120K)
 Metaspace       used 15199K, capacity 16742K, committed 17024K, reserved 1064960K
  class space    used 1792K, capacity 2072K, committed 2176K, reserved 1048576K
}
Event: 8.652 GC heap after
{Heap after GC invocations=5 (full 0):
 garbage-first heap   total 65536K, used 11682K [0x00000000c1a00000, 0x0000000100000000)
  region size 1024K, 4 young (4096K), 4 survivors (4096K)
 Metaspace       used 15199K, capacity 16742K, committed 17024K, reserved 1064960K
  class space    used 1792K, capacity 2072K, committed 2176K, reserved 1048576K
}
Event: 14.686 GC heap before
{Heap before GC invocations=5 (full 0):
 garbage-first heap   total 65536K, used 46498K [0x00000000c1a00000, 0x0000000100000000)
  region size 1024K, 38 young (38912K), 4 survivors (4096K)
 Metaspace       used 16387K, capacity 17930K, committed 18176K, reserved 1064960K
  class space    used 1880K, capacity 2189K, committed 2304K, reserved 1048576K
}
Event: 14.696 GC heap after
{Heap after GC invocations=6 (full 0):
 garbage-first heap   total 65536K, used 13244K [0x00000000c1a00000, 0x0000000100000000)
  region size 1024K, 4 young (4096K), 4 survivors (4096K)
 Metaspace       used 16387K, capacity 17930K, committed 18176K, reserved 1064960K
  class space    used 1880K, capacity 2189K, committed 2304K, reserved 1048576K
}

