# JRE version: OpenJDK Runtime Environment 
# Java VM: OpenJDK 64-Bit Server VM (12.0.2+3, mixed mode, sharing, tiered, compressed oops, g1 gc, windows-amd64)
Heap:
 garbage-first heap   total 65536K, used 35536K [0x00000000c1a00000, 0x0000000100000000)
  region size 1024K, 33 young (33792K), 5 survivors (5120K)
 Metaspace       used 13144K, capacity 14824K, committed 15104K, reserved 1062912K
  class space    used 1505K, capacity 1731K, committed 1792K, reserved 1048576K
GC Heap History (6 events):
Event: 1.028 GC heap before
{Heap before GC invocations=0 (full 0):
 garbage-first heap   total 65536K, used 23552K [0x00000000c1a00000, 0x0000000100000000)
  region size 1024K, 24 young (24576K), 0 survivors (0K)
 Metaspace       used 4785K, capacity 7575K, committed 7808K, reserved 1056768K
  class space    used 598K, capacity 888K, committed 896K, reserved 1048576K
}
Event: 1.038 GC heap after
{Heap after GC invocations=1 (full 0):
 garbage-first heap   total 65536K, used 3324K [0x00000000c1a00000, 0x0000000100000000)
  region size 1024K, 3 young (3072K), 3 survivors (3072K)
 Metaspace       used 4785K, capacity 7575K, committed 7808K, reserved 1056768K
  class space    used 598K, capacity 888K, committed 896K, reserved 1048576K
}
Event: 2.017 GC heap before
{Heap before GC invocations=1 (full 0):
 garbage-first heap   total 65536K, used 39164K [0x00000000c1a00000, 0x0000000100000000)
  region size 1024K, 38 young (38912K), 3 survivors (3072K)
 Metaspace       used 10465K, capacity 12516K, committed 12672K, reserved 1060864K
  class space    used 1305K, capacity 1559K, committed 1664K, reserved 1048576K
}
Event: 2.030 GC heap after
{Heap after GC invocations=2 (full 0):
 garbage-first heap   total 65536K, used 5427K [0x00000000c1a00000, 0x0000000100000000)
  region size 1024K, 3 young (3072K), 3 survivors (3072K)
 Metaspace       used 10465K, capacity 12516K, committed 12672K, reserved 1060864K
  class space    used 1305K, capacity 1559K, committed 1664K, reserved 1048576K
}
Event: 2.756 GC heap before
{Heap before GC invocations=2 (full 0):
 garbage-first heap   total 65536K, used 41267K [0x00000000c1a00000, 0x0000000100000000)
  region size 1024K, 38 young (38912K), 3 survivors (3072K)
 Metaspace       used 12647K, capacity 14433K, committed 14592K, reserved 1062912K
  class space    used 1489K, capacity 1729K, committed 1792K, reserved 1048576K
}
Event: 2.772 GC heap after
{Heap after GC invocations=3 (full 0):
 garbage-first heap   total 65536K, used 7888K [0x00000000c1a00000, 0x0000000100000000)
  region size 1024K, 5 young (5120K), 5 survivors (5120K)
 Metaspace       used 12647K, capacity 14433K, committed 14592K, reserved 1062912K
  class space    used 1489K, capacity 1729K, committed 1792K, reserved 1048576K
}

