# JRE version: OpenJDK Runtime Environment 
# Java VM: OpenJDK 64-Bit Server VM (12.0.2+3, mixed mode, sharing, tiered, compressed oops, g1 gc, windows-amd64)
Heap:
 garbage-first heap   total 65536K, used 13848K [0x00000000c1a00000, 0x0000000100000000)
  region size 1024K, 12 young (12288K), 5 survivors (5120K)
 Metaspace       used 12699K, capacity 14497K, committed 14592K, reserved 1062912K
  class space    used 1490K, capacity 1729K, committed 1792K, reserved 1048576K
GC Heap History (6 events):
Event: 0.704 GC heap before
{Heap before GC invocations=0 (full 0):
 garbage-first heap   total 65536K, used 23552K [0x00000000c1a00000, 0x0000000100000000)
  region size 1024K, 24 young (24576K), 0 survivors (0K)
 Metaspace       used 4777K, capacity 7575K, committed 7808K, reserved 1056768K
  class space    used 598K, capacity 888K, committed 896K, reserved 1048576K
}
Event: 0.713 GC heap after
{Heap after GC invocations=1 (full 0):
 garbage-first heap   total 65536K, used 3323K [0x00000000c1a00000, 0x0000000100000000)
  region size 1024K, 3 young (3072K), 3 survivors (3072K)
 Metaspace       used 4777K, capacity 7575K, committed 7808K, reserved 1056768K
  class space    used 598K, capacity 888K, committed 896K, reserved 1048576K
}
Event: 1.463 GC heap before
{Heap before GC invocations=1 (full 0):
 garbage-first heap   total 65536K, used 39163K [0x00000000c1a00000, 0x0000000100000000)
  region size 1024K, 38 young (38912K), 3 survivors (3072K)
 Metaspace       used 10466K, capacity 12516K, committed 12672K, reserved 1060864K
  class space    used 1306K, capacity 1559K, committed 1664K, reserved 1048576K
}
Event: 1.475 GC heap after
{Heap after GC invocations=2 (full 0):
 garbage-first heap   total 65536K, used 5455K [0x00000000c1a00000, 0x0000000100000000)
  region size 1024K, 3 young (3072K), 3 survivors (3072K)
 Metaspace       used 10466K, capacity 12516K, committed 12672K, reserved 1060864K
  class space    used 1306K, capacity 1559K, committed 1664K, reserved 1048576K
}
Event: 2.190 GC heap before
{Heap before GC invocations=2 (full 0):
 garbage-first heap   total 65536K, used 41295K [0x00000000c1a00000, 0x0000000100000000)
  region size 1024K, 38 young (38912K), 3 survivors (3072K)
 Metaspace       used 12640K, capacity 14430K, committed 14592K, reserved 1062912K
  class space    used 1490K, capacity 1728K, committed 1792K, reserved 1048576K
}
Event: 2.203 GC heap after
{Heap after GC invocations=3 (full 0):
 garbage-first heap   total 65536K, used 7704K [0x00000000c1a00000, 0x0000000100000000)
  region size 1024K, 5 young (5120K), 5 survivors (5120K)
 Metaspace       used 12640K, capacity 14430K, committed 14592K, reserved 1062912K
  class space    used 1490K, capacity 1728K, committed 1792K, reserved 1048576K
}

