# JRE version: OpenJDK Runtime Environment 
# Java VM: OpenJDK 64-Bit Server VM (12.0.2+3, mixed mode, sharing, tiered, compressed oops, g1 gc, windows-amd64)
Heap:
 garbage-first heap   total 78848K, used 38160K [0x00000000c1a00000, 0x0000000100000000)
  region size 1024K, 31 young (31744K), 4 survivors (4096K)
 Metaspace       used 16628K, capacity 18047K, committed 18176K, reserved 1064960K
  class space    used 1908K, capacity 2194K, committed 2304K, reserved 1048576K
GC Heap History (10 events):
Event: 0.771 GC heap before
{Heap before GC invocations=0 (full 0):
 garbage-first heap   total 65536K, used 23552K [0x00000000c1a00000, 0x0000000100000000)
  region size 1024K, 24 young (24576K), 0 survivors (0K)
 Metaspace       used 4744K, capacity 7575K, committed 7808K, reserved 1056768K
  class space    used 594K, capacity 888K, committed 896K, reserved 1048576K
}
Event: 0.779 GC heap after
{Heap after GC invocations=1 (full 0):
 garbage-first heap   total 65536K, used 3396K [0x00000000c1a00000, 0x0000000100000000)
  region size 1024K, 3 young (3072K), 3 survivors (3072K)
 Metaspace       used 4744K, capacity 7575K, committed 7808K, reserved 1056768K
  class space    used 594K, capacity 888K, committed 896K, reserved 1048576K
}
Event: 1.644 GC heap before
{Heap before GC invocations=1 (full 0):
 garbage-first heap   total 65536K, used 39236K [0x00000000c1a00000, 0x0000000100000000)
  region size 1024K, 38 young (38912K), 3 survivors (3072K)
 Metaspace       used 10447K, capacity 12516K, committed 12672K, reserved 1060864K
  class space    used 1306K, capacity 1559K, committed 1664K, reserved 1048576K
}
Event: 1.660 GC heap after
{Heap after GC invocations=2 (full 0):
 garbage-first heap   total 65536K, used 5414K [0x00000000c1a00000, 0x0000000100000000)
  region size 1024K, 3 young (3072K), 3 survivors (3072K)
 Metaspace       used 10447K, capacity 12516K, committed 12672K, reserved 1060864K
  class space    used 1306K, capacity 1559K, committed 1664K, reserved 1048576K
}
Event: 2.937 GC heap before
{Heap before GC invocations=2 (full 0):
 garbage-first heap   total 65536K, used 41254K [0x00000000c1a00000, 0x0000000100000000)
  region size 1024K, 38 young (38912K), 3 survivors (3072K)
 Metaspace       used 12619K, capacity 14433K, committed 14592K, reserved 1062912K
  class space    used 1490K, capacity 1729K, committed 1792K, reserved 1048576K
}
Event: 2.952 GC heap after
{Heap after GC invocations=3 (full 0):
 garbage-first heap   total 65536K, used 8088K [0x00000000c1a00000, 0x0000000100000000)
  region size 1024K, 5 young (5120K), 5 survivors (5120K)
 Metaspace       used 12619K, capacity 14433K, committed 14592K, reserved 1062912K
  class space    used 1490K, capacity 1729K, committed 1792K, reserved 1048576K
}
Event: 3.868 GC heap before
{Heap before GC invocations=3 (full 0):
 garbage-first heap   total 65536K, used 41880K [0x00000000c1a00000, 0x0000000100000000)
  region size 1024K, 38 young (38912K), 5 survivors (5120K)
 Metaspace       used 13188K, capacity 14888K, committed 15104K, reserved 1062912K
  class space    used 1506K, capacity 1731K, committed 1792K, reserved 1048576K
}
Event: 3.885 GC heap after
{Heap after GC invocations=4 (full 0):
 garbage-first heap   total 65536K, used 9555K [0x00000000c1a00000, 0x0000000100000000)
  region size 1024K, 2 young (2048K), 2 survivors (2048K)
 Metaspace       used 13188K, capacity 14888K, committed 15104K, reserved 1062912K
  class space    used 1506K, capacity 1731K, committed 1792K, reserved 1048576K
}
Event: 5.474 GC heap before
{Heap before GC invocations=4 (full 0):
 garbage-first heap   total 65536K, used 45395K [0x00000000c1a00000, 0x0000000100000000)
  region size 1024K, 37 young (37888K), 2 survivors (2048K)
 Metaspace       used 15187K, capacity 16710K, committed 16896K, reserved 1064960K
  class space    used 1789K, capacity 2040K, committed 2048K, reserved 1048576K
}
Event: 5.484 GC heap after
{Heap after GC invocations=5 (full 0):
 garbage-first heap   total 78848K, used 11536K [0x00000000c1a00000, 0x0000000100000000)
  region size 1024K, 4 young (4096K), 4 survivors (4096K)
 Metaspace       used 15187K, capacity 16710K, committed 16896K, reserved 1064960K
  class space    used 1789K, capacity 2040K, committed 2048K, reserved 1048576K
}

